{"/Users/jonhowell/Documents/Dev Projects/shorty/frontend/app.js": {"path":"/Users/jonhowell/Documents/Dev Projects/shorty/frontend/app.js","statementMap":{"0":{"start":{"line":1,"column":16},"end":{"line":1,"column":34}},"1":{"start":{"line":2,"column":17},"end":{"line":2,"column":36}},"2":{"start":{"line":3,"column":13},"end":{"line":3,"column":28}},"3":{"start":{"line":4,"column":14},"end":{"line":4,"column":30}},"4":{"start":{"line":7,"column":12},"end":{"line":7,"column":21}},"5":{"start":{"line":8,"column":13},"end":{"line":8,"column":37}},"6":{"start":{"line":9,"column":21},"end":{"line":9,"column":72}},"7":{"start":{"line":12,"column":0},"end":{"line":12,"column":48}},"8":{"start":{"line":15,"column":0},"end":{"line":15,"column":67}},"9":{"start":{"line":18,"column":17},"end":{"line":21,"column":1}},"10":{"start":{"line":23,"column":0},"end":{"line":27,"column":3}},"11":{"start":{"line":31,"column":4},"end":{"line":38,"column":5}},"12":{"start":{"line":32,"column":20},"end":{"line":32,"column":42}},"13":{"start":{"line":33,"column":8},"end":{"line":33,"column":69}},"14":{"start":{"line":37,"column":8},"end":{"line":37,"column":21}},"15":{"start":{"line":41,"column":0},"end":{"line":41,"column":30}},"16":{"start":{"line":45,"column":0},"end":{"line":65,"column":3}},"17":{"start":{"line":47,"column":4},"end":{"line":64,"column":5}},"18":{"start":{"line":48,"column":25},"end":{"line":48,"column":64}},"19":{"start":{"line":49,"column":21},"end":{"line":54,"column":11}},"20":{"start":{"line":49,"column":55},"end":{"line":54,"column":9}},"21":{"start":{"line":56,"column":8},"end":{"line":56,"column":39}},"22":{"start":{"line":59,"column":8},"end":{"line":59,"column":68}},"23":{"start":{"line":60,"column":8},"end":{"line":63,"column":11}},"24":{"start":{"line":67,"column":0},"end":{"line":95,"column":2}},"25":{"start":{"line":68,"column":20},"end":{"line":68,"column":30}},"26":{"start":{"line":70,"column":4},"end":{"line":72,"column":5}},"27":{"start":{"line":71,"column":8},"end":{"line":71,"column":22}},"28":{"start":{"line":75,"column":4},"end":{"line":94,"column":5}},"29":{"start":{"line":76,"column":25},"end":{"line":79,"column":10}},"30":{"start":{"line":78,"column":40},"end":{"line":78,"column":69}},"31":{"start":{"line":81,"column":8},"end":{"line":88,"column":9}},"32":{"start":{"line":82,"column":32},"end":{"line":82,"column":57}},"33":{"start":{"line":85,"column":12},"end":{"line":87,"column":13}},"34":{"start":{"line":86,"column":16},"end":{"line":86,"column":63}},"35":{"start":{"line":90,"column":8},"end":{"line":90,"column":71}},"36":{"start":{"line":91,"column":8},"end":{"line":93,"column":10}},"37":{"start":{"line":97,"column":0},"end":{"line":128,"column":3}},"38":{"start":{"line":98,"column":22},"end":{"line":98,"column":30}},"39":{"start":{"line":100,"column":19},"end":{"line":100,"column":21}},"40":{"start":{"line":102,"column":4},"end":{"line":113,"column":5}},"41":{"start":{"line":103,"column":8},"end":{"line":106,"column":11}},"42":{"start":{"line":108,"column":9},"end":{"line":113,"column":5}},"43":{"start":{"line":109,"column":8},"end":{"line":112,"column":11}},"44":{"start":{"line":115,"column":4},"end":{"line":127,"column":5}},"45":{"start":{"line":117,"column":25},"end":{"line":117,"column":81}},"46":{"start":{"line":118,"column":27},"end":{"line":118,"column":46}},"47":{"start":{"line":120,"column":8},"end":{"line":120,"column":66}},"48":{"start":{"line":122,"column":8},"end":{"line":122,"column":56}},"49":{"start":{"line":123,"column":8},"end":{"line":126,"column":11}},"50":{"start":{"line":130,"column":0},"end":{"line":141,"column":2}},"51":{"start":{"line":131,"column":20},"end":{"line":131,"column":30}},"52":{"start":{"line":133,"column":4},"end":{"line":140,"column":5}},"53":{"start":{"line":134,"column":8},"end":{"line":134,"column":55}},"54":{"start":{"line":135,"column":8},"end":{"line":135,"column":26}},"55":{"start":{"line":138,"column":8},"end":{"line":138,"column":66}},"56":{"start":{"line":139,"column":8},"end":{"line":139,"column":25}},"57":{"start":{"line":144,"column":0},"end":{"line":148,"column":1}},"58":{"start":{"line":145,"column":4},"end":{"line":147,"column":6}},"59":{"start":{"line":146,"column":8},"end":{"line":146,"column":80}},"60":{"start":{"line":150,"column":0},"end":{"line":150,"column":21}}},"fnMap":{"0":{"name":"isValidUrl","decl":{"start":{"line":30,"column":9},"end":{"line":30,"column":19}},"loc":{"start":{"line":30,"column":27},"end":{"line":39,"column":1}},"line":30},"1":{"name":"(anonymous_1)","decl":{"start":{"line":45,"column":13},"end":{"line":45,"column":14}},"loc":{"start":{"line":45,"column":33},"end":{"line":65,"column":1}},"line":45},"2":{"name":"(anonymous_2)","decl":{"start":{"line":49,"column":47},"end":{"line":49,"column":48}},"loc":{"start":{"line":49,"column":55},"end":{"line":54,"column":9}},"line":49},"3":{"name":"(anonymous_3)","decl":{"start":{"line":67,"column":19},"end":{"line":67,"column":20}},"loc":{"start":{"line":67,"column":43},"end":{"line":95,"column":1}},"line":67},"4":{"name":"(anonymous_4)","decl":{"start":{"line":78,"column":28},"end":{"line":78,"column":29}},"loc":{"start":{"line":78,"column":40},"end":{"line":78,"column":69}},"line":78},"5":{"name":"(anonymous_5)","decl":{"start":{"line":97,"column":21},"end":{"line":97,"column":22}},"loc":{"start":{"line":97,"column":41},"end":{"line":128,"column":1}},"line":97},"6":{"name":"(anonymous_6)","decl":{"start":{"line":130,"column":20},"end":{"line":130,"column":21}},"loc":{"start":{"line":130,"column":37},"end":{"line":141,"column":1}},"line":130},"7":{"name":"(anonymous_7)","decl":{"start":{"line":145,"column":21},"end":{"line":145,"column":22}},"loc":{"start":{"line":145,"column":26},"end":{"line":147,"column":5}},"line":145}},"branchMap":{"0":{"loc":{"start":{"line":8,"column":13},"end":{"line":8,"column":37}},"type":"binary-expr","locations":[{"start":{"line":8,"column":13},"end":{"line":8,"column":29}},{"start":{"line":8,"column":33},"end":{"line":8,"column":37}}],"line":8},"1":{"loc":{"start":{"line":9,"column":21},"end":{"line":9,"column":72}},"type":"binary-expr","locations":[{"start":{"line":9,"column":21},"end":{"line":9,"column":45}},{"start":{"line":9,"column":49},"end":{"line":9,"column":72}}],"line":9},"2":{"loc":{"start":{"line":33,"column":15},"end":{"line":33,"column":68}},"type":"binary-expr","locations":[{"start":{"line":33,"column":15},"end":{"line":33,"column":39}},{"start":{"line":33,"column":43},"end":{"line":33,"column":68}}],"line":33},"3":{"loc":{"start":{"line":49,"column":22},"end":{"line":49,"column":41}},"type":"binary-expr","locations":[{"start":{"line":49,"column":22},"end":{"line":49,"column":35}},{"start":{"line":49,"column":39},"end":{"line":49,"column":41}}],"line":49},"4":{"loc":{"start":{"line":70,"column":4},"end":{"line":72,"column":5}},"type":"if","locations":[{"start":{"line":70,"column":4},"end":{"line":72,"column":5}},{"start":{},"end":{}}],"line":70},"5":{"loc":{"start":{"line":70,"column":7},"end":{"line":70,"column":48}},"type":"binary-expr","locations":[{"start":{"line":70,"column":7},"end":{"line":70,"column":25}},{"start":{"line":70,"column":29},"end":{"line":70,"column":48}}],"line":70},"6":{"loc":{"start":{"line":78,"column":40},"end":{"line":78,"column":69}},"type":"binary-expr","locations":[{"start":{"line":78,"column":40},"end":{"line":78,"column":53}},{"start":{"line":78,"column":57},"end":{"line":78,"column":69}}],"line":78},"7":{"loc":{"start":{"line":81,"column":8},"end":{"line":88,"column":9}},"type":"if","locations":[{"start":{"line":81,"column":8},"end":{"line":88,"column":9}},{"start":{},"end":{}}],"line":81},"8":{"loc":{"start":{"line":81,"column":11},"end":{"line":81,"column":58}},"type":"binary-expr","locations":[{"start":{"line":81,"column":11},"end":{"line":81,"column":33}},{"start":{"line":81,"column":37},"end":{"line":81,"column":58}}],"line":81},"9":{"loc":{"start":{"line":85,"column":12},"end":{"line":87,"column":13}},"type":"if","locations":[{"start":{"line":85,"column":12},"end":{"line":87,"column":13}},{"start":{},"end":{}}],"line":85},"10":{"loc":{"start":{"line":102,"column":4},"end":{"line":113,"column":5}},"type":"if","locations":[{"start":{"line":102,"column":4},"end":{"line":113,"column":5}},{"start":{"line":108,"column":9},"end":{"line":113,"column":5}}],"line":102},"11":{"loc":{"start":{"line":102,"column":8},"end":{"line":102,"column":35}},"type":"binary-expr","locations":[{"start":{"line":102,"column":8},"end":{"line":102,"column":16}},{"start":{"line":102,"column":20},"end":{"line":102,"column":35}}],"line":102},"12":{"loc":{"start":{"line":108,"column":9},"end":{"line":113,"column":5}},"type":"if","locations":[{"start":{"line":108,"column":9},"end":{"line":113,"column":5}},{"start":{},"end":{}}],"line":108},"13":{"loc":{"start":{"line":144,"column":0},"end":{"line":148,"column":1}},"type":"if","locations":[{"start":{"line":144,"column":0},"end":{"line":148,"column":1}},{"start":{},"end":{}}],"line":144}},"s":{"0":1,"1":1,"2":1,"3":1,"4":1,"5":1,"6":1,"7":1,"8":1,"9":1,"10":1,"11":2,"12":2,"13":1,"14":1,"15":1,"16":1,"17":2,"18":2,"19":1,"20":1,"21":1,"22":1,"23":1,"24":1,"25":2,"26":2,"27":0,"28":2,"29":2,"30":2,"31":1,"32":1,"33":1,"34":1,"35":1,"36":1,"37":1,"38":3,"39":3,"40":3,"41":1,"42":2,"43":1,"44":1,"45":1,"46":1,"47":1,"48":0,"49":0,"50":1,"51":1,"52":1,"53":1,"54":1,"55":0,"56":0,"57":1,"58":0,"59":0,"60":1},"f":{"0":2,"1":2,"2":1,"3":2,"4":2,"5":3,"6":1,"7":0},"b":{"0":[1,1],"1":[1,1],"2":[1,1],"3":[1,0],"4":[0,2],"5":[2,2],"6":[2,2],"7":[1,0],"8":[1,1],"9":[1,0],"10":[1,2],"11":[3,2],"12":[1,1],"13":[0,1]},"_coverageSchema":"1a1c01bbd47fc00a2c39e90264f33305004495a9","hash":"a7ec3a9263c039c8390d3c72067bf79a8f4834ea"}
}
