TN:
SF:app.js
FN:30,isValidUrl
FN:45,(anonymous_1)
FN:49,(anonymous_2)
FN:67,(anonymous_3)
FN:78,(anonymous_4)
FN:97,(anonymous_5)
FN:130,(anonymous_6)
FN:145,(anonymous_7)
FNF:8
FNH:7
FNDA:2,isValidUrl
FNDA:2,(anonymous_1)
FNDA:1,(anonymous_2)
FNDA:2,(anonymous_3)
FNDA:2,(anonymous_4)
FNDA:3,(anonymous_5)
FNDA:1,(anonymous_6)
FNDA:0,(anonymous_7)
DA:1,1
DA:2,1
DA:3,1
DA:4,1
DA:7,1
DA:8,1
DA:9,1
DA:12,1
DA:15,1
DA:18,1
DA:23,1
DA:31,2
DA:32,2
DA:33,1
DA:37,1
DA:41,1
DA:45,1
DA:47,2
DA:48,2
DA:49,1
DA:56,1
DA:59,1
DA:60,1
DA:67,1
DA:68,2
DA:70,2
DA:71,0
DA:75,2
DA:76,2
DA:78,2
DA:81,1
DA:82,1
DA:85,1
DA:86,1
DA:90,1
DA:91,1
DA:97,1
DA:98,3
DA:100,3
DA:102,3
DA:103,1
DA:108,2
DA:109,1
DA:115,1
DA:117,1
DA:118,1
DA:120,1
DA:122,0
DA:123,0
DA:130,1
DA:131,1
DA:133,1
DA:134,1
DA:135,1
DA:138,0
DA:139,0
DA:144,1
DA:145,0
DA:146,0
DA:150,1
LF:60
LH:53
BRDA:8,0,0,1
BRDA:8,0,1,1
BRDA:9,1,0,1
BRDA:9,1,1,1
BRDA:33,2,0,1
BRDA:33,2,1,1
BRDA:49,3,0,1
BRDA:49,3,1,0
BRDA:70,4,0,0
BRDA:70,4,1,2
BRDA:70,5,0,2
BRDA:70,5,1,2
BRDA:78,6,0,2
BRDA:78,6,1,2
BRDA:81,7,0,1
BRDA:81,7,1,0
BRDA:81,8,0,1
BRDA:81,8,1,1
BRDA:85,9,0,1
BRDA:85,9,1,0
BRDA:102,10,0,1
BRDA:102,10,1,2
BRDA:102,11,0,3
BRDA:102,11,1,2
BRDA:108,12,0,1
BRDA:108,12,1,1
BRDA:144,13,0,0
BRDA:144,13,1,1
BRF:28
BRH:23
end_of_record
